#
# There is insufficient memory for the Java Runtime Environment to continue.
# Native memory allocation (malloc) failed to allocate 113246208 bytes for committing reserved memory.
# Possible reasons:
#   The system is out of physical RAM or swap space
#   In 32 bit mode, the process size limit was hit
# Possible solutions:
#   Reduce memory load on the system
#   Increase physical memory or swap space
#   Check if swap backing store is full
#   Use 64 bit Java on a 64 bit OS
#   Decrease Java heap size (-Xmx/-Xms)
#   Decrease number of Java threads
#   Decrease Java thread stack sizes (-Xss)
#   Set larger code cache with -XX:ReservedCodeCacheSize=
# This output file may be truncated or incomplete.
#
#  Out of Memory Error (os_linux.cpp:2809), pid=5363, tid=139695634065152
#
# JRE version: OpenJDK Runtime Environment (7.0_79-b14) (build 1.7.0_79-b14)
# Java VM: OpenJDK 64-Bit Server VM (24.79-b02 mixed mode linux-amd64 compressed oops)
# Derivative: IcedTea 2.5.5
# Distribution: Ubuntu 14.04 LTS, package 7u79-2.5.5-0ubuntu0.14.04.2
# Failed to write core dump. Core dumps have been disabled. To enable core dumping, try "ulimit -c unlimited" before starting Java again
#

---------------  T H R E A D  ---------------

Current thread (0x00007f0d68077000):  VMThread [stack: 0x00007f0d6c952000,0x00007f0d6ca53000] [id=5373]

Stack: [0x00007f0d6c952000,0x00007f0d6ca53000],  sp=0x00007f0d6ca51490,  free space=1021k
Native frames: (J=compiled Java code, j=interpreted, Vv=VM code, C=native code)
V  [libjvm.so+0x94aec5]  VMError::report_and_die()+0x175
V  [libjvm.so+0x48b9c4]  report_vm_out_of_memory(char const*, int, unsigned long, char const*)+0x74
V  [libjvm.so+0x7c806b]  os::pd_commit_memory(char*, unsigned long, unsigned long, bool)+0xeb
V  [libjvm.so+0x7c2b0f]  os::commit_memory(char*, unsigned long, unsigned long, bool)+0x1f
V  [libjvm.so+0x83500b]  PSVirtualSpace::expand_by(unsigned long)+0x5b
V  [libjvm.so+0x835e60]  PSYoungGen::resize_generation(unsigned long, unsigned long)+0xb0
V  [libjvm.so+0x83654b]  PSYoungGen::resize(unsigned long, unsigned long)+0x1b
V  [libjvm.so+0x832830]  PSScavenge::invoke_no_policy()+0xde0
V  [libjvm.so+0x833008]  PSScavenge::invoke()+0x38
V  [libjvm.so+0x7e96f3]  ParallelScavengeHeap::failed_mem_allocate(unsigned long)+0x63
V  [libjvm.so+0x94c8c4]  VM_ParallelGCFailedAllocation::doit()+0x84
V  [libjvm.so+0x950dc7]  VM_Operation::evaluate()+0x47
V  [libjvm.so+0x94f738]  VMThread::evaluate_operation(VM_Operation*)+0x318
V  [libjvm.so+0x94fb99]  VMThread::loop()+0x219
V  [libjvm.so+0x94ffe2]  VMThread::run()+0x72
V  [libjvm.so+0x7c4f32]  java_start(Thread*)+0xf2

VM_Operation (0x00007f0d71c094c0): ParallelGCFailedAllocation, mode: safepoint, requested by thread 0x00007f0d6800b800


---------------  P R O C E S S  ---------------

Java Threads: ( => current thread )
  0x00007f0d680af800 JavaThread "Service Thread" daemon [_thread_blocked, id=5379, stack(0x00007f0d64bfc000,0x00007f0d64cfd000)]
  0x00007f0d680ad000 JavaThread "C2 CompilerThread1" daemon [_thread_blocked, id=5378, stack(0x00007f0d64cfd000,0x00007f0d64dfe000)]
  0x00007f0d680aa000 JavaThread "C2 CompilerThread0" daemon [_thread_blocked, id=5377, stack(0x00007f0d64dfe000,0x00007f0d64eff000)]
  0x00007f0d680a8000 JavaThread "Signal Dispatcher" daemon [_thread_blocked, id=5376, stack(0x00007f0d64eff000,0x00007f0d65000000)]
  0x00007f0d6807d800 JavaThread "Finalizer" daemon [_thread_blocked, id=5375, stack(0x00007f0d6c750000,0x00007f0d6c851000)]
  0x00007f0d6807b000 JavaThread "Reference Handler" daemon [_thread_blocked, id=5374, stack(0x00007f0d6c851000,0x00007f0d6c952000)]
  0x00007f0d6800b800 JavaThread "main" [_thread_blocked, id=5368, stack(0x00007f0d71b0a000,0x00007f0d71c0b000)]

Other Threads:
=>0x00007f0d68077000 VMThread [stack: 0x00007f0d6c952000,0x00007f0d6ca53000] [id=5373]
  0x00007f0d680ba000 WatcherThread [stack: 0x00007f0d64afb000,0x00007f0d64bfc000] [id=5380]

VM state:at safepoint (normal execution)

VM Mutex/Monitor currently owned by a thread:  ([mutex/lock_event])
[0x00007f0d68007b50] Threads_lock - owner thread: 0x00007f0d68077000
[0x00007f0d68008050] Heap_lock - owner thread: 0x00007f0d6800b800

Heap
 PSYoungGen      total 217600K, used 17928K [0x00000000eaa80000, 0x00000000f9400000, 0x0000000100000000)
  eden space 198144K, 0% used [0x00000000eaa80000,0x00000000eaa80000,0x00000000f6c00000)
  from space 19456K, 92% used [0x00000000f6c00000,0x00000000f7d82218,0x00000000f7f00000)
  to   space 17408K, 0% used [0x00000000f7f00000,0x00000000f7f00000,0x00000000f9000000)
 ParOldGen       total 58880K, used 56835K [0x00000000c0000000, 0x00000000c3980000, 0x00000000eaa80000)
  object space 58880K, 96% used [0x00000000c0000000,0x00000000c3780d10,0x00000000c3980000)
 PSPermGen       total 21504K, used 7789K [0x00000000b5a00000, 0x00000000b6f00000, 0x00000000c0000000)
  object space 21504K, 36% used [0x00000000b5a00000,0x00000000b619b4c8,0x00000000b6f00000)

Card table byte_map: [0x00007f0d6e4fa000,0x00007f0d6e74e000] byte_map_base: 0x00007f0d6df4d000

Polling page: 0x00007f0d71c2b000

Code Cache  [0x00007f0d65000000, 0x00007f0d65360000, 0x00007f0d68000000)
 total_blobs=1369 nmethods=1116 adapters=206 free_code_cache=45775Kb largest_free_block=46812736

Compilation events (10 events):
Event: 10.581 Thread 0x00007f0d680aa000 1147             com.android.dex.EncodedValue::writeTo (9 bytes)
Event: 10.584 Thread 0x00007f0d680aa000 nmethod 1147 0x00007f0d6529a350 code [0x00007f0d6529a4a0, 0x00007f0d6529a638]
Event: 10.828 Thread 0x00007f0d680ad000 1148             com.android.dx.io.instructions.InstructionCodec::access$700 (5 bytes)
Event: 10.828 Thread 0x00007f0d680aa000 1149             com.android.dx.io.instructions.InstructionCodec::unit0 (3 bytes)
Event: 10.828 Thread 0x00007f0d680aa000 nmethod 1149 0x00007f0d652a1fd0 code [0x00007f0d652a2100, 0x00007f0d652a2138]
Event: 10.828 Thread 0x00007f0d680ad000 nmethod 1148 0x00007f0d652ca410 code [0x00007f0d652ca540, 0x00007f0d652ca578]
Event: 10.828 Thread 0x00007f0d680aa000 1150             com.android.dx.io.instructions.InstructionCodec::access$800 (5 bytes)
Event: 10.828 Thread 0x00007f0d680ad000 1151             com.android.dx.io.instructions.InstructionCodec::unit1 (6 bytes)
Event: 10.829 Thread 0x00007f0d680ad000 nmethod 1151 0x00007f0d652dbb50 code [0x00007f0d652dbc80, 0x00007f0d652dbcb8]
Event: 10.829 Thread 0x00007f0d680aa000 nmethod 1150 0x00007f0d652dde50 code [0x00007f0d652ddf80, 0x00007f0d652ddfb8]

GC Heap History (10 events):
Event: 5.257 GC heap after
Heap after GC invocations=6 (full 0):
 PSYoungGen      total 70656K, used 7648K [0x00000000eaa80000, 0x00000000efa80000, 0x0000000100000000)
  eden space 62464K, 0% used [0x00000000eaa80000,0x00000000eaa80000,0x00000000ee780000)
  from space 8192K, 93% used [0x00000000ef080000,0x00000000ef7f8000,0x00000000ef880000)
  to   space 9216K, 0% used [0x00000000ee780000,0x00000000ee780000,0x00000000ef080000)
 ParOldGen       total 41472K, used 14524K [0x00000000c0000000, 0x00000000c2880000, 0x00000000eaa80000)
  object space 41472K, 35% used [0x00000000c0000000,0x00000000c0e2f328,0x00000000c2880000)
 PSPermGen       total 21504K, used 5429K [0x00000000b5a00000, 0x00000000b6f00000, 0x00000000c0000000)
  object space 21504K, 25% used [0x00000000b5a00000,0x00000000b5f4d728,0x00000000b6f00000)
}
Event: 8.210 GC heap before
{Heap before GC invocations=7 (full 0):
 PSYoungGen      total 70656K, used 70112K [0x00000000eaa80000, 0x00000000efa80000, 0x0000000100000000)
  eden space 62464K, 100% used [0x00000000eaa80000,0x00000000ee780000,0x00000000ee780000)
  from space 8192K, 93% used [0x00000000ef080000,0x00000000ef7f8000,0x00000000ef880000)
  to   space 9216K, 0% used [0x00000000ee780000,0x00000000ee780000,0x00000000ef080000)
 ParOldGen       total 41472K, used 14524K [0x00000000c0000000, 0x00000000c2880000, 0x00000000eaa80000)
  object space 41472K, 35% used [0x00000000c0000000,0x00000000c0e2f328,0x00000000c2880000)
 PSPermGen       total 21504K, used 7610K [0x00000000b5a00000, 0x00000000b6f00000, 0x00000000c0000000)
  object space 21504K, 35% used [0x00000000b5a00000,0x00000000b616e8c0,0x00000000b6f00000)
Event: 8.251 GC heap after
Heap after GC invocations=7 (full 0):
 PSYoungGen      total 71680K, used 9202K [0x00000000eaa80000, 0x00000000f4080000, 0x0000000100000000)
  eden space 62464K, 0% used [0x00000000eaa80000,0x00000000eaa80000,0x00000000ee780000)
  from space 9216K, 99% used [0x00000000ee780000,0x00000000ef07caa8,0x00000000ef080000)
  to   space 14336K, 0% used [0x00000000f3280000,0x00000000f3280000,0x00000000f4080000)
 ParOldGen       total 41472K, used 22231K [0x00000000c0000000, 0x00000000c2880000, 0x00000000eaa80000)
  object space 41472K, 53% used [0x00000000c0000000,0x00000000c15b5e18,0x00000000c2880000)
 PSPermGen       total 21504K, used 7610K [0x00000000b5a00000, 0x00000000b6f00000, 0x00000000c0000000)
  object space 21504K, 35% used [0x00000000b5a00000,0x00000000b616e8c0,0x00000000b6f00000)
}
Event: 8.914 GC heap before
{Heap before GC invocations=8 (full 0):
 PSYoungGen      total 71680K, used 70357K [0x00000000eaa80000, 0x00000000f4080000, 0x0000000100000000)
  eden space 62464K, 97% used [0x00000000eaa80000,0x00000000ee638c98,0x00000000ee780000)
  from space 9216K, 99% used [0x00000000ee780000,0x00000000ef07caa8,0x00000000ef080000)
  to   space 14336K, 0% used [0x00000000f3280000,0x00000000f3280000,0x00000000f4080000)
 ParOldGen       total 41472K, used 22231K [0x00000000c0000000, 0x00000000c2880000, 0x00000000eaa80000)
  object space 41472K, 53% used [0x00000000c0000000,0x00000000c15b5e18,0x00000000c2880000)
 PSPermGen       total 21504K, used 7666K [0x00000000b5a00000, 0x00000000b6f00000, 0x00000000c0000000)
  object space 21504K, 35% used [0x00000000b5a00000,0x00000000b617ca38,0x00000000b6f00000)
Event: 8.934 GC heap after
Heap after GC invocations=8 (full 0):
 PSYoungGen      total 139264K, used 8963K [0x00000000eaa80000, 0x00000000f4080000, 0x0000000100000000)
  eden space 124928K, 0% used [0x00000000eaa80000,0x00000000eaa80000,0x00000000f2480000)
  from space 14336K, 62% used [0x00000000f3280000,0x00000000f3b40f90,0x00000000f4080000)
  to   space 14336K, 0% used [0x00000000f2480000,0x00000000f2480000,0x00000000f3280000)
 ParOldGen       total 41472K, used 22821K [0x00000000c0000000, 0x00000000c2880000, 0x00000000eaa80000)
  object space 41472K, 55% used [0x00000000c0000000,0x00000000c16494e8,0x00000000c2880000)
 PSPermGen       total 21504K, used 7666K [0x00000000b5a00000, 0x00000000b6f00000, 0x00000000c0000000)
  object space 21504K, 35% used [0x00000000b5a00000,0x00000000b617ca38,0x00000000b6f00000)
}
Event: 9.671 GC heap before
{Heap before GC invocations=9 (full 0):
 PSYoungGen      total 139264K, used 133891K [0x00000000eaa80000, 0x00000000f4080000, 0x0000000100000000)
  eden space 124928K, 100% used [0x00000000eaa80000,0x00000000f2480000,0x00000000f2480000)
  from space 14336K, 62% used [0x00000000f3280000,0x00000000f3b40f90,0x00000000f4080000)
  to   space 14336K, 0% used [0x00000000f2480000,0x00000000f2480000,0x00000000f3280000)
 ParOldGen       total 41472K, used 22821K [0x00000000c0000000, 0x00000000c2880000, 0x00000000eaa80000)
  object space 41472K, 55% used [0x00000000c0000000,0x00000000c16494e8,0x00000000c2880000)
 PSPermGen       total 21504K, used 7684K [0x00000000b5a00000, 0x00000000b6f00000, 0x00000000c0000000)
  object space 21504K, 35% used [0x00000000b5a00000,0x00000000b6181388,0x00000000b6f00000)
Event: 9.701 GC heap after
Heap after GC invocations=9 (full 0):
 PSYoungGen      total 139264K, used 14332K [0x00000000eaa80000, 0x00000000f9000000, 0x0000000100000000)
  eden space 124928K, 0% used [0x00000000eaa80000,0x00000000eaa80000,0x00000000f2480000)
  from space 14336K, 99% used [0x00000000f2480000,0x00000000f327f058,0x00000000f3280000)
  to   space 17408K, 0% used [0x00000000f7f00000,0x00000000f7f00000,0x00000000f9000000)
 ParOldGen       total 41472K, used 26241K [0x00000000c0000000, 0x00000000c2880000, 0x00000000eaa80000)
  object space 41472K, 63% used [0x00000000c0000000,0x00000000c19a0730,0x00000000c2880000)
 PSPermGen       total 21504K, used 7684K [0x00000000b5a00000, 0x00000000b6f00000, 0x00000000c0000000)
  object space 21504K, 35% used [0x00000000b5a00000,0x00000000b6181388,0x00000000b6f00000)
}
Event: 10.195 GC heap before
{Heap before GC invocations=10 (full 0):
 PSYoungGen      total 139264K, used 139260K [0x00000000eaa80000, 0x00000000f9000000, 0x0000000100000000)
  eden space 124928K, 100% used [0x00000000eaa80000,0x00000000f2480000,0x00000000f2480000)
  from space 14336K, 99% used [0x00000000f2480000,0x00000000f327f058,0x00000000f3280000)
  to   space 17408K, 0% used [0x00000000f7f00000,0x00000000f7f00000,0x00000000f9000000)
 ParOldGen       total 41472K, used 26241K [0x00000000c0000000, 0x00000000c2880000, 0x00000000eaa80000)
  object space 41472K, 63% used [0x00000000c0000000,0x00000000c19a0730,0x00000000c2880000)
 PSPermGen       total 21504K, used 7781K [0x00000000b5a00000, 0x00000000b6f00000, 0x00000000c0000000)
  object space 21504K, 36% used [0x00000000b5a00000,0x00000000b61994e8,0x00000000b6f00000)
Event: 10.248 GC heap after
Heap after GC invocations=10 (full 0):
 PSYoungGen      total 215552K, used 15801K [0x00000000eaa80000, 0x00000000f9400000, 0x0000000100000000)
  eden space 198144K, 0% used [0x00000000eaa80000,0x00000000eaa80000,0x00000000f6c00000)
  from space 17408K, 90% used [0x00000000f7f00000,0x00000000f8e6e7d0,0x00000000f9000000)
  to   space 19456K, 0% used [0x00000000f6c00000,0x00000000f6c00000,0x00000000f7f00000)
 ParOldGen       total 41472K, used 32936K [0x00000000c0000000, 0x00000000c2880000, 0x00000000eaa80000)
  object space 41472K, 79% used [0x00000000c0000000,0x00000000c202a3b8,0x00000000c2880000)
 PSPermGen       total 21504K, used 7781K [0x00000000b5a00000, 0x00000000b6f00000, 0x00000000c0000000)
  object space 21504K, 36% used [0x00000000b5a00000,0x00000000b61994e8,0x00000000b6f00000)
}
Event: 10.862 GC heap before
{Heap before GC invocations=11 (full 0):
 PSYoungGen      total 215552K, used 213945K [0x00000000eaa80000, 0x00000000f9400000, 0x0000000100000000)
  eden space 198144K, 100% used [0x00000000eaa80000,0x00000000f6c00000,0x00000000f6c00000)
  from space 17408K, 90% used [0x00000000f7f00000,0x00000000f8e6e7d0,0x00000000f9000000)
  to   space 19456K, 0% used [0x00000000f6c00000,0x00000000f6c00000,0x00000000f7f00000)
 ParOldGen       total 41472K, used 32936K [0x00000000c0000000, 0x00000000c2880000, 0x00000000eaa80000)
  object space 41472K, 79% used [0x00000000c0000000,0x00000000c202a3b8,0x00000000c2880000)
 PSPermGen       total 21504K, used 7789K [0x00000000b5a00000, 0x00000000b6f00000, 0x00000000c0000000)
  object space 21504K, 36% used [0x00000000b5a00000,0x00000000b619b4c8,0x00000000b6f00000)

Deoptimization events (10 events):
Event: 9.089 Thread 0x00007f0d6800b800 Uncommon trap: reason=array_check action=maybe_recompile pc=0x00007f0d65304748 method=java.util.TimSort.binarySort([Ljava/lang/Object;IIILjava/util/Comparator;)V @ 193
Event: 9.089 Thread 0x00007f0d6800b800 Uncommon trap: reason=array_check action=maybe_recompile pc=0x00007f0d6530480c method=java.util.TimSort.binarySort([Ljava/lang/Object;IIILjava/util/Comparator;)V @ 183
Event: 9.089 Thread 0x00007f0d6800b800 Uncommon trap: reason=array_check action=maybe_recompile pc=0x00007f0d65304748 method=java.util.TimSort.binarySort([Ljava/lang/Object;IIILjava/util/Comparator;)V @ 193
Event: 9.162 Thread 0x00007f0d6800b800 Uncommon trap: reason=array_check action=maybe_recompile pc=0x00007f0d652ccd54 method=java.util.ComparableTimSort.binarySort([Ljava/lang/Object;III)V @ 193
Event: 9.266 Thread 0x00007f0d6800b800 Uncommon trap: reason=array_check action=maybe_recompile pc=0x00007f0d652ccd54 method=java.util.ComparableTimSort.binarySort([Ljava/lang/Object;III)V @ 193
Event: 9.358 Thread 0x00007f0d6800b800 Uncommon trap: reason=array_check action=maybe_recompile pc=0x00007f0d652ccd54 method=java.util.ComparableTimSort.binarySort([Ljava/lang/Object;III)V @ 193
Event: 9.801 Thread 0x00007f0d6800b800 Uncommon trap: reason=array_check action=maybe_recompile pc=0x00007f0d65316a2c method=java.util.ComparableTimSort.binarySort([Ljava/lang/Object;III)V @ 215
Event: 9.911 Thread 0x00007f0d6800b800 Uncommon trap: reason=array_check action=maybe_recompile pc=0x00007f0d65316a2c method=java.util.ComparableTimSort.binarySort([Ljava/lang/Object;III)V @ 215
Event: 10.161 Thread 0x00007f0d6800b800 Uncommon trap: reason=array_check action=maybe_recompile pc=0x00007f0d6533bd38 method=java.util.ComparableTimSort.binarySort([Ljava/lang/Object;III)V @ 183
Event: 10.393 Thread 0x00007f0d6800b800 Uncommon trap: reason=array_check action=maybe_recompile pc=0x00007f0d6533bd38 method=java.util.ComparableTimSort.binarySort([Ljava/lang/Object;III)V @ 183

Internal exceptions (10 events):
Event: 7.732 Thread 0x00007f0d6800b800 Threw 0x00000000ed9f93f0 at /build/buildd/openjdk-7-7u79-2.5.5/build/openjdk/hotspot/src/share/vm/prims/jvm.cpp:1284
Event: 7.735 Thread 0x00007f0d6800b800 Threw 0x00000000eda41030 at /build/buildd/openjdk-7-7u79-2.5.5/build/openjdk/hotspot/src/share/vm/prims/jvm.cpp:1284
Event: 7.736 Thread 0x00007f0d6800b800 Threw 0x00000000eda43d18 at /build/buildd/openjdk-7-7u79-2.5.5/build/openjdk/hotspot/src/share/vm/prims/jvm.cpp:1284
Event: 7.917 Thread 0x00007f0d6800b800 Threw 0x00000000edcd1298 at /build/buildd/openjdk-7-7u79-2.5.5/build/openjdk/hotspot/src/share/vm/prims/jvm.cpp:1284
Event: 7.917 Thread 0x00007f0d6800b800 Threw 0x00000000edcd13c0 at /build/buildd/openjdk-7-7u79-2.5.5/build/openjdk/hotspot/src/share/vm/prims/jvm.cpp:1284
Event: 7.917 Thread 0x00007f0d6800b800 Threw 0x00000000edcd3a70 at /build/buildd/openjdk-7-7u79-2.5.5/build/openjdk/hotspot/src/share/vm/prims/jvm.cpp:1284
Event: 7.917 Thread 0x00007f0d6800b800 Threw 0x00000000edcd3b98 at /build/buildd/openjdk-7-7u79-2.5.5/build/openjdk/hotspot/src/share/vm/prims/jvm.cpp:1284
Event: 7.917 Thread 0x00007f0d6800b800 Threw 0x00000000edcd4598 at /build/buildd/openjdk-7-7u79-2.5.5/build/openjdk/hotspot/src/share/vm/prims/jvm.cpp:1284
Event: 7.917 Thread 0x00007f0d6800b800 Threw 0x00000000edcd46c0 at /build/buildd/openjdk-7-7u79-2.5.5/build/openjdk/hotspot/src/share/vm/prims/jvm.cpp:1284
Event: 8.335 Thread 0x00007f0d6800b800 Threw 0x00000000eafe1e78 at /build/buildd/openjdk-7-7u79-2.5.5/build/openjdk/hotspot/src/share/vm/prims/jvm.cpp:1284

Events (10 events):
Event: 10.279 Thread 0x00007f0d680aa000 flushing nmethod 0x00007f0d650b5990
Event: 10.279 Thread 0x00007f0d680aa000 flushing nmethod 0x00007f0d650bec90
Event: 10.281 Thread 0x00007f0d680ad000 flushing nmethod 0x00007f0d65160d50
Event: 10.282 Thread 0x00007f0d680ad000 flushing nmethod 0x00007f0d651a8fd0
Event: 10.282 Thread 0x00007f0d680ad000 flushing nmethod 0x00007f0d651ac950
Event: 10.393 Thread 0x00007f0d6800b800 Uncommon trap: trap_request=0xffffffd6 fr.pc=0x00007f0d6533bd38
Event: 10.393 Thread 0x00007f0d6800b800 DEOPT PACKING pc=0x00007f0d6533bd38 sp=0x00007f0d71c09450
Event: 10.393 Thread 0x00007f0d6800b800 DEOPT UNPACKING pc=0x00007f0d65039445 sp=0x00007f0d71c09418 mode 2
Event: 10.421 Thread 0x00007f0d680ad000 flushing nmethod 0x00007f0d65299990
Event: 10.861 Executing VM operation: ParallelGCFailedAllocation


Dynamic libraries:
00400000-00401000 r-xp 00000000 08:02 4909457                            /usr/lib/jvm/java-7-openjdk-amd64/jre/bin/java
00600000-00601000 r--p 00000000 08:02 4909457                            /usr/lib/jvm/java-7-openjdk-amd64/jre/bin/java
00601000-00602000 rw-p 00001000 08:02 4909457                            /usr/lib/jvm/java-7-openjdk-amd64/jre/bin/java
00a48000-00a69000 rw-p 00000000 00:00 0                                  [heap]
b5a00000-b6f00000 rw-p 00000000 00:00 0 
b6f00000-c0000000 rw-p 00000000 00:00 0 
c0000000-c3980000 rw-p 00000000 00:00 0 
c3980000-eaa80000 rw-p 00000000 00:00 0 
eaa80000-f9400000 rw-p 00000000 00:00 0 
7f0d28000000-7f0d28021000 rw-p 00000000 00:00 0 
7f0d28021000-7f0d2c000000 ---p 00000000 00:00 0 
7f0d30000000-7f0d31409000 rw-p 00000000 00:00 0 
7f0d31409000-7f0d34000000 ---p 00000000 00:00 0 
7f0d34000000-7f0d34021000 rw-p 00000000 00:00 0 
7f0d34021000-7f0d38000000 ---p 00000000 00:00 0 
7f0d38000000-7f0d38021000 rw-p 00000000 00:00 0 
7f0d38021000-7f0d3c000000 ---p 00000000 00:00 0 
7f0d3c000000-7f0d3d19a000 rw-p 00000000 00:00 0 
7f0d3d19a000-7f0d40000000 ---p 00000000 00:00 0 
7f0d40000000-7f0d40021000 rw-p 00000000 00:00 0 
7f0d40021000-7f0d44000000 ---p 00000000 00:00 0 
7f0d44000000-7f0d44021000 rw-p 00000000 00:00 0 
7f0d44021000-7f0d48000000 ---p 00000000 00:00 0 
7f0d48000000-7f0d48021000 rw-p 00000000 00:00 0 
7f0d48021000-7f0d4c000000 ---p 00000000 00:00 0 
7f0d4c000000-7f0d4c241000 rw-p 00000000 00:00 0 
7f0d4c241000-7f0d50000000 ---p 00000000 00:00 0 
7f0d50000000-7f0d50021000 rw-p 00000000 00:00 0 
7f0d50021000-7f0d54000000 ---p 00000000 00:00 0 
7f0d58000000-7f0d58021000 rw-p 00000000 00:00 0 
7f0d58021000-7f0d5c000000 ---p 00000000 00:00 0 
7f0d5ca13000-7f0d5ca50000 r-xp 00000000 08:02 4475758                    /lib/x86_64-linux-gnu/libpcre.so.3.13.1
7f0d5ca50000-7f0d5cc4f000 ---p 0003d000 08:02 4475758                    /lib/x86_64-linux-gnu/libpcre.so.3.13.1
7f0d5cc4f000-7f0d5cc50000 r--p 0003c000 08:02 4475758                    /lib/x86_64-linux-gnu/libpcre.so.3.13.1
7f0d5cc50000-7f0d5cc51000 rw-p 0003d000 08:02 4475758                    /lib/x86_64-linux-gnu/libpcre.so.3.13.1
7f0d5cdee000-7f0d5cdf5000 r-xp 00000000 08:02 4517278                    /usr/lib/x86_64-linux-gnu/libffi.so.6.0.1
7f0d5cdf5000-7f0d5cff4000 ---p 00007000 08:02 4517278                    /usr/lib/x86_64-linux-gnu/libffi.so.6.0.1
7f0d5cff4000-7f0d5cff5000 r--p 00006000 08:02 4517278                    /usr/lib/x86_64-linux-gnu/libffi.so.6.0.1
7f0d5cff5000-7f0d5cff6000 rw-p 00007000 08:02 4517278                    /usr/lib/x86_64-linux-gnu/libffi.so.6.0.1
7f0d5cff6000-7f0d5d00d000 r-xp 00000000 08:02 4472921                    /lib/x86_64-linux-gnu/libresolv-2.19.so
7f0d5d00d000-7f0d5d20d000 ---p 00017000 08:02 4472921                    /lib/x86_64-linux-gnu/libresolv-2.19.so
7f0d5d20d000-7f0d5d20e000 r--p 00017000 08:02 4472921                    /lib/x86_64-linux-gnu/libresolv-2.19.so
7f0d5d20e000-7f0d5d20f000 rw-p 00018000 08:02 4472921                    /lib/x86_64-linux-gnu/libresolv-2.19.so
7f0d5d20f000-7f0d5d211000 rw-p 00000000 00:00 0 
7f0d5d211000-7f0d5d231000 r-xp 00000000 08:02 4475785                    /lib/x86_64-linux-gnu/libselinux.so.1
7f0d5d231000-7f0d5d430000 ---p 00020000 08:02 4475785                    /lib/x86_64-linux-gnu/libselinux.so.1
7f0d5d430000-7f0d5d431000 r--p 0001f000 08:02 4475785                    /lib/x86_64-linux-gnu/libselinux.so.1
7f0d5d431000-7f0d5d432000 rw-p 00020000 08:02 4475785                    /lib/x86_64-linux-gnu/libselinux.so.1
7f0d5d432000-7f0d5d434000 rw-p 00000000 00:00 0 
7f0d5d434000-7f0d5d437000 r-xp 00000000 08:02 4517391                    /usr/lib/x86_64-linux-gnu/libgmodule-2.0.so.0.4002.0
7f0d5d437000-7f0d5d636000 ---p 00003000 08:02 4517391                    /usr/lib/x86_64-linux-gnu/libgmodule-2.0.so.0.4002.0
7f0d5d636000-7f0d5d637000 r--p 00002000 08:02 4517391                    /usr/lib/x86_64-linux-gnu/libgmodule-2.0.so.0.4002.0
7f0d5d637000-7f0d5d638000 rw-p 00003000 08:02 4517391                    /usr/lib/x86_64-linux-gnu/libgmodule-2.0.so.0.4002.0
7f0d5d638000-7f0d5d73e000 r-xp 00000000 08:02 4475686                    /lib/x86_64-linux-gnu/libglib-2.0.so.0.4002.0
7f0d5d73e000-7f0d5d93d000 ---p 00106000 08:02 4475686                    /lib/x86_64-linux-gnu/libglib-2.0.so.0.4002.0
7f0d5d93d000-7f0d5d93e000 r--p 00105000 08:02 4475686                    /lib/x86_64-linux-gnu/libglib-2.0.so.0.4002.0
7f0d5d93e000-7f0d5d93f000 rw-p 00106000 08:02 4475686                    /lib/x86_64-linux-gnu/libglib-2.0.so.0.4002.0
7f0d5d93f000-7f0d5d940000 rw-p 00000000 00:00 0 
7f0d5dad0000-7f0d60000000 rw-p 00000000 00:00 0 
7f0d60000000-7f0d60021000 rw-p 00000000 00:00 0 
7f0d60021000-7f0d64000000 ---p 00000000 00:00 0 
7f0d6410d000-7f0d6415c000 r-xp 00000000 08:02 4517407                    /usr/lib/x86_64-linux-gnu/libgobject-2.0.so.0.4002.0
7f0d6415c000-7f0d6435c000 ---p 0004f000 08:02 4517407                    /usr/lib/x86_64-linux-gnu/libgobject-2.0.so.0.4002.0
7f0d6435c000-7f0d6435d000 r--p 0004f000 08:02 4517407                    /usr/lib/x86_64-linux-gnu/libgobject-2.0.so.0.4002.0
7f0d6435d000-7f0d6435e000 rw-p 00050000 08:02 4517407                    /usr/lib/x86_64-linux-gnu/libgobject-2.0.so.0.4002.0
7f0d6435e000-7f0d644ca000 r-xp 00000000 08:02 4517379                    /usr/lib/x86_64-linux-gnu/libgio-2.0.so.0.4002.0
7f0d644ca000-7f0d646c9000 ---p 0016c000 08:02 4517379                    /usr/lib/x86_64-linux-gnu/libgio-2.0.so.0.4002.0
7f0d646c9000-7f0d646cd000 r--p 0016b000 08:02 4517379                    /usr/lib/x86_64-linux-gnu/libgio-2.0.so.0.4002.0
7f0d646cd000-7f0d646cf000 rw-p 0016f000 08:02 4517379                    /usr/lib/x86_64-linux-gnu/libgio-2.0.so.0.4002.0
7f0d646cf000-7f0d646d1000 rw-p 00000000 00:00 0 
7f0d646d1000-7f0d646e8000 r-xp 00000000 08:02 4876764                    /usr/lib/jvm/java-7-openjdk-amd64/jre/lib/amd64/libnet.so
7f0d646e8000-7f0d648e7000 ---p 00017000 08:02 4876764                    /usr/lib/jvm/java-7-openjdk-amd64/jre/lib/amd64/libnet.so
7f0d648e7000-7f0d648e8000 r--p 00016000 08:02 4876764                    /usr/lib/jvm/java-7-openjdk-amd64/jre/lib/amd64/libnet.so
7f0d648e8000-7f0d648e9000 rw-p 00017000 08:02 4876764                    /usr/lib/jvm/java-7-openjdk-amd64/jre/lib/amd64/libnet.so
7f0d648e9000-7f0d648f9000 r-xp 00000000 08:02 4876751                    /usr/lib/jvm/java-7-openjdk-amd64/jre/lib/amd64/libnio.so
7f0d648f9000-7f0d64af9000 ---p 00010000 08:02 4876751                    /usr/lib/jvm/java-7-openjdk-amd64/jre/lib/amd64/libnio.so
7f0d64af9000-7f0d64afa000 r--p 00010000 08:02 4876751                    /usr/lib/jvm/java-7-openjdk-amd64/jre/lib/amd64/libnio.so
7f0d64afa000-7f0d64afb000 rw-p 00011000 08:02 4876751                    /usr/lib/jvm/java-7-openjdk-amd64/jre/lib/amd64/libnio.so
7f0d64afb000-7f0d64afc000 ---p 00000000 00:00 0 
7f0d64afc000-7f0d64bfc000 rw-p 00000000 00:00 0                          [stack:5380]
7f0d64bfc000-7f0d64bff000 ---p 00000000 00:00 0 
7f0d64bff000-7f0d64cfd000 rw-p 00000000 00:00 0                          [stack:5379]
7f0d64cfd000-7f0d64d00000 ---p 00000000 00:00 0 
7f0d64d00000-7f0d64dfe000 rw-p 00000000 00:00 0                          [stack:5378]
7f0d64dfe000-7f0d64e01000 ---p 00000000 00:00 0 
7f0d64e01000-7f0d64eff000 rw-p 00000000 00:00 0                          [stack:5377]
7f0d64eff000-7f0d64f02000 ---p 00000000 00:00 0 
7f0d64f02000-7f0d65000000 rw-p 00000000 00:00 0                          [stack:5376]
7f0d65000000-7f0d65360000 rwxp 00000000 00:00 0 
7f0d65360000-7f0d682ff000 rw-p 00000000 00:00 0 
7f0d682ff000-7f0d6c000000 ---p 00000000 00:00 0 
7f0d6c05a000-7f0d6c05f000 r--s 0004d000 08:02 4754507                    /usr/lib/jvm/java-7-openjdk-amd64/jre/lib/jsse.jar
7f0d6c05f000-7f0d6c06e000 r--s 000dd000 08:02 5070869                    /home/ankit/Documents/android-sdk-linux/build-tools/22.0.1/lib/dx.jar
7f0d6c06e000-7f0d6c750000 r--p 00000000 08:02 4516110                    /usr/lib/locale/locale-archive
7f0d6c750000-7f0d6c753000 ---p 00000000 00:00 0 
7f0d6c753000-7f0d6c851000 rw-p 00000000 00:00 0                          [stack:5375]
7f0d6c851000-7f0d6c854000 ---p 00000000 00:00 0 
7f0d6c854000-7f0d6c952000 rw-p 00000000 00:00 0                          [stack:5374]
7f0d6c952000-7f0d6c953000 ---p 00000000 00:00 0 
7f0d6c953000-7f0d6da50000 rw-p 00000000 00:00 0                          [stack:5373]
7f0d6da50000-7f0d6dc01000 r--s 01d27000 08:02 4754504                    /usr/lib/jvm/java-7-openjdk-amd64/jre/lib/rt.jar
7f0d6dc01000-7f0d6df4d000 rw-p 00000000 00:00 0 
7f0d6df4d000-7f0d6df4e000 ---p 00000000 00:00 0 
7f0d6df4e000-7f0d6e04e000 rw-p 00000000 00:00 0                          [stack:5372]
7f0d6e04e000-7f0d6e04f000 ---p 00000000 00:00 0 
7f0d6e04f000-7f0d6e14f000 rw-p 00000000 00:00 0                          [stack:5371]
7f0d6e14f000-7f0d6e150000 ---p 00000000 00:00 0 
7f0d6e150000-7f0d6e250000 rw-p 00000000 00:00 0                          [stack:5370]
7f0d6e250000-7f0d6e251000 ---p 00000000 00:00 0 
7f0d6e251000-7f0d6e35c000 rw-p 00000000 00:00 0                          [stack:5369]
7f0d6e35c000-7f0d6e3a4000 rw-p 00000000 00:00 0 
7f0d6e3a4000-7f0d6e3c1000 rw-p 00000000 00:00 0 
7f0d6e3c1000-7f0d6e4fa000 rw-p 00000000 00:00 0 
7f0d6e4fa000-7f0d6e505000 rw-p 00000000 00:00 0 
7f0d6e505000-7f0d6e54d000 rw-p 00000000 00:00 0 
7f0d6e54d000-7f0d6e56a000 rw-p 00000000 00:00 0 
7f0d6e56a000-7f0d6e6a2000 rw-p 00000000 00:00 0 
7f0d6e6a2000-7f0d6e717000 rw-p 00000000 00:00 0 
7f0d6e717000-7f0d6e74d000 rw-p 00000000 00:00 0 
7f0d6e74d000-7f0d6e74e000 rw-p 00000000 00:00 0 
7f0d6e74e000-7f0d6e756000 r-xp 00000000 08:02 4876746                    /usr/lib/jvm/java-7-openjdk-amd64/jre/lib/amd64/libzip.so
7f0d6e756000-7f0d6e955000 ---p 00008000 08:02 4876746                    /usr/lib/jvm/java-7-openjdk-amd64/jre/lib/amd64/libzip.so
7f0d6e955000-7f0d6e956000 r--p 00007000 08:02 4876746                    /usr/lib/jvm/java-7-openjdk-amd64/jre/lib/amd64/libzip.so
7f0d6e956000-7f0d6e957000 rw-p 00008000 08:02 4876746                    /usr/lib/jvm/java-7-openjdk-amd64/jre/lib/amd64/libzip.so
7f0d6e957000-7f0d6e962000 r-xp 00000000 08:02 4472923                    /lib/x86_64-linux-gnu/libnss_files-2.19.so
7f0d6e962000-7f0d6eb61000 ---p 0000b000 08:02 4472923                    /lib/x86_64-linux-gnu/libnss_files-2.19.so
7f0d6eb61000-7f0d6eb62000 r--p 0000a000 08:02 4472923                    /lib/x86_64-linux-gnu/libnss_files-2.19.so
7f0d6eb62000-7f0d6eb63000 rw-p 0000b000 08:02 4472923                    /lib/x86_64-linux-gnu/libnss_files-2.19.so
7f0d6eb63000-7f0d6eb6e000 r-xp 00000000 08:02 4475930                    /lib/x86_64-linux-gnu/libnss_nis-2.19.so
7f0d6eb6e000-7f0d6ed6d000 ---p 0000b000 08:02 4475930                    /lib/x86_64-linux-gnu/libnss_nis-2.19.so
7f0d6ed6d000-7f0d6ed6e000 r--p 0000a000 08:02 4475930                    /lib/x86_64-linux-gnu/libnss_nis-2.19.so
7f0d6ed6e000-7f0d6ed6f000 rw-p 0000b000 08:02 4475930                    /lib/x86_64-linux-gnu/libnss_nis-2.19.so
7f0d6ed6f000-7f0d6ed86000 r-xp 00000000 08:02 4472932                    /lib/x86_64-linux-gnu/libnsl-2.19.so
7f0d6ed86000-7f0d6ef85000 ---p 00017000 08:02 4472932                    /lib/x86_64-linux-gnu/libnsl-2.19.so
7f0d6ef85000-7f0d6ef86000 r--p 00016000 08:02 4472932                    /lib/x86_64-linux-gnu/libnsl-2.19.so
7f0d6ef86000-7f0d6ef87000 rw-p 00017000 08:02 4472932                    /lib/x86_64-linux-gnu/libnsl-2.19.so
7f0d6ef87000-7f0d6ef89000 rw-p 00000000 00:00 0 
7f0d6ef89000-7f0d6ef92000 r-xp 00000000 08:02 4472931                    /lib/x86_64-linux-gnu/libnss_compat-2.19.so
7f0d6ef92000-7f0d6f191000 ---p 00009000 08:02 4472931                    /lib/x86_64-linux-gnu/libnss_compat-2.19.so
7f0d6f191000-7f0d6f192000 r--p 00008000 08:02 4472931                    /lib/x86_64-linux-gnu/libnss_compat-2.19.so
7f0d6f192000-7f0d6f193000 rw-p 00009000 08:02 4472931                    /lib/x86_64-linux-gnu/libnss_compat-2.19.so
7f0d6f193000-7f0d6f1be000 r-xp 00000000 08:02 4876763                    /usr/lib/jvm/java-7-openjdk-amd64/jre/lib/amd64/libjava.so
7f0d6f1be000-7f0d6f3be000 ---p 0002b000 08:02 4876763                    /usr/lib/jvm/java-7-openjdk-amd64/jre/lib/amd64/libjava.so
7f0d6f3be000-7f0d6f3bf000 r--p 0002b000 08:02 4876763                    /usr/lib/jvm/java-7-openjdk-amd64/jre/lib/amd64/libjava.so
7f0d6f3bf000-7f0d6f3c1000 rw-p 0002c000 08:02 4876763                    /usr/lib/jvm/java-7-openjdk-amd64/jre/lib/amd64/libjava.so
7f0d6f3c1000-7f0d6f3d1000 r-xp 00000000 08:02 4876759                    /usr/lib/jvm/java-7-openjdk-amd64/jre/lib/amd64/libverify.so
7f0d6f3d1000-7f0d6f5d0000 ---p 00010000 08:02 4876759                    /usr/lib/jvm/java-7-openjdk-amd64/jre/lib/amd64/libverify.so
7f0d6f5d0000-7f0d6f5d2000 r--p 0000f000 08:02 4876759                    /usr/lib/jvm/java-7-openjdk-amd64/jre/lib/amd64/libverify.so
7f0d6f5d2000-7f0d6f5d3000 rw-p 00011000 08:02 4876759                    /usr/lib/jvm/java-7-openjdk-amd64/jre/lib/amd64/libverify.so
7f0d6f5d3000-7f0d6f5da000 r-xp 00000000 08:02 4475670                    /lib/x86_64-linux-gnu/librt-2.19.so
7f0d6f5da000-7f0d6f7d9000 ---p 00007000 08:02 4475670                    /lib/x86_64-linux-gnu/librt-2.19.so
7f0d6f7d9000-7f0d6f7da000 r--p 00006000 08:02 4475670                    /lib/x86_64-linux-gnu/librt-2.19.so
7f0d6f7da000-7f0d6f7db000 rw-p 00007000 08:02 4475670                    /lib/x86_64-linux-gnu/librt-2.19.so
7f0d6f7db000-7f0d6f7f1000 r-xp 00000000 08:02 4475682                    /lib/x86_64-linux-gnu/libgcc_s.so.1
7f0d6f7f1000-7f0d6f9f0000 ---p 00016000 08:02 4475682                    /lib/x86_64-linux-gnu/libgcc_s.so.1
7f0d6f9f0000-7f0d6f9f1000 rw-p 00015000 08:02 4475682                    /lib/x86_64-linux-gnu/libgcc_s.so.1
7f0d6f9f1000-7f0d6faf6000 r-xp 00000000 08:02 4472922                    /lib/x86_64-linux-gnu/libm-2.19.so
7f0d6faf6000-7f0d6fcf5000 ---p 00105000 08:02 4472922                    /lib/x86_64-linux-gnu/libm-2.19.so
7f0d6fcf5000-7f0d6fcf6000 r--p 00104000 08:02 4472922                    /lib/x86_64-linux-gnu/libm-2.19.so
7f0d6fcf6000-7f0d6fcf7000 rw-p 00105000 08:02 4472922                    /lib/x86_64-linux-gnu/libm-2.19.so
7f0d6fcf7000-7f0d6fddd000 r-xp 00000000 08:02 4517900                    /usr/lib/x86_64-linux-gnu/libstdc++.so.6.0.19
7f0d6fddd000-7f0d6ffdc000 ---p 000e6000 08:02 4517900                    /usr/lib/x86_64-linux-gnu/libstdc++.so.6.0.19
7f0d6ffdc000-7f0d6ffe4000 r--p 000e5000 08:02 4517900                    /usr/lib/x86_64-linux-gnu/libstdc++.so.6.0.19
7f0d6ffe4000-7f0d6ffe6000 rw-p 000ed000 08:02 4517900                    /usr/lib/x86_64-linux-gnu/libstdc++.so.6.0.19
7f0d6ffe6000-7f0d6fffb000 rw-p 00000000 00:00 0 
7f0d6fffb000-7f0d70b13000 r-xp 00000000 08:02 4909460                    /usr/lib/jvm/java-7-openjdk-amd64/jre/lib/amd64/server/libjvm.so
7f0d70b13000-7f0d70d13000 ---p 00b18000 08:02 4909460                    /usr/lib/jvm/java-7-openjdk-amd64/jre/lib/amd64/server/libjvm.so
7f0d70d13000-7f0d70dad000 r--p 00b18000 08:02 4909460                    /usr/lib/jvm/java-7-openjdk-amd64/jre/lib/amd64/server/libjvm.so
7f0d70dad000-7f0d70dd0000 rw-p 00bb2000 08:02 4909460                    /usr/lib/jvm/java-7-openjdk-amd64/jre/lib/amd64/server/libjvm.so
7f0d70dd0000-7f0d70dfe000 rw-p 00000000 00:00 0 
7f0d70dfe000-7f0d70e16000 r-xp 00000000 08:02 4475818                    /lib/x86_64-linux-gnu/libz.so.1.2.8
7f0d70e16000-7f0d71015000 ---p 00018000 08:02 4475818                    /lib/x86_64-linux-gnu/libz.so.1.2.8
7f0d71015000-7f0d71016000 r--p 00017000 08:02 4475818                    /lib/x86_64-linux-gnu/libz.so.1.2.8
7f0d71016000-7f0d71017000 rw-p 00018000 08:02 4475818                    /lib/x86_64-linux-gnu/libz.so.1.2.8
7f0d71017000-7f0d71030000 r-xp 00000000 08:02 4475625                    /lib/x86_64-linux-gnu/libpthread-2.19.so
7f0d71030000-7f0d7122f000 ---p 00019000 08:02 4475625                    /lib/x86_64-linux-gnu/libpthread-2.19.so
7f0d7122f000-7f0d71230000 r--p 00018000 08:02 4475625                    /lib/x86_64-linux-gnu/libpthread-2.19.so
7f0d71230000-7f0d71231000 rw-p 00019000 08:02 4475625                    /lib/x86_64-linux-gnu/libpthread-2.19.so
7f0d71231000-7f0d71235000 rw-p 00000000 00:00 0 
7f0d71235000-7f0d71238000 r-xp 00000000 08:02 4472926                    /lib/x86_64-linux-gnu/libdl-2.19.so
7f0d71238000-7f0d71437000 ---p 00003000 08:02 4472926                    /lib/x86_64-linux-gnu/libdl-2.19.so
7f0d71437000-7f0d71438000 r--p 00002000 08:02 4472926                    /lib/x86_64-linux-gnu/libdl-2.19.so
7f0d71438000-7f0d71439000 rw-p 00003000 08:02 4472926                    /lib/x86_64-linux-gnu/libdl-2.19.so
7f0d71439000-7f0d715f4000 r-xp 00000000 08:02 4475585                    /lib/x86_64-linux-gnu/libc-2.19.so
7f0d715f4000-7f0d717f3000 ---p 001bb000 08:02 4475585                    /lib/x86_64-linux-gnu/libc-2.19.so
7f0d717f3000-7f0d717f7000 r--p 001ba000 08:02 4475585                    /lib/x86_64-linux-gnu/libc-2.19.so
7f0d717f7000-7f0d717f9000 rw-p 001be000 08:02 4475585                    /lib/x86_64-linux-gnu/libc-2.19.so
7f0d717f9000-7f0d717fe000 rw-p 00000000 00:00 0 
7f0d717fe000-7f0d7180b000 r-xp 00000000 08:02 4876738                    /usr/lib/jvm/java-7-openjdk-amd64/jre/lib/amd64/jli/libjli.so
7f0d7180b000-7f0d71a0a000 ---p 0000d000 08:02 4876738                    /usr/lib/jvm/java-7-openjdk-amd64/jre/lib/amd64/jli/libjli.so
7f0d71a0a000-7f0d71a0b000 r--p 0000c000 08:02 4876738                    /usr/lib/jvm/java-7-openjdk-amd64/jre/lib/amd64/jli/libjli.so
7f0d71a0b000-7f0d71a0c000 rw-p 0000d000 08:02 4876738                    /usr/lib/jvm/java-7-openjdk-amd64/jre/lib/amd64/jli/libjli.so
7f0d71a0c000-7f0d71a2f000 r-xp 00000000 08:02 4472934                    /lib/x86_64-linux-gnu/ld-2.19.so
7f0d71a30000-7f0d71a31000 rw-p 00000000 00:00 0 
7f0d71a31000-7f0d71a32000 r--s 00002000 08:02 4819340                    /usr/lib/jvm/java-7-openjdk-amd64/jre/lib/ext/dnsns.jar
7f0d71a32000-7f0d71a58000 rw-p 00000000 00:00 0 
7f0d71a58000-7f0d71b0a000 rw-p 00000000 00:00 0 
7f0d71b0a000-7f0d71b0d000 ---p 00000000 00:00 0 
7f0d71b0d000-7f0d71c10000 rw-p 00000000 00:00 0                          [stack:5368]
7f0d71c10000-7f0d71c14000 r--s 0003c000 08:02 4819745                    /usr/lib/jvm/java-7-openjdk-amd64/jre/lib/ext/sunpkcs11.jar
7f0d71c14000-7f0d71c17000 r--s 00086000 08:02 4819747                    /usr/lib/jvm/java-7-openjdk-amd64/jre/lib/ext/localedata.jar
7f0d71c17000-7f0d71c19000 r--s 00012000 08:02 4819749                    /usr/lib/jvm/java-7-openjdk-amd64/jre/lib/ext/zipfs.jar
7f0d71c19000-7f0d71c1d000 r--s 00034000 08:02 4819748                    /usr/lib/jvm/java-7-openjdk-amd64/jre/lib/ext/sunjce_provider.jar
7f0d71c1d000-7f0d71c20000 r--s 0000f000 08:02 4819339                    /usr/lib/jvm/java-7-openjdk-amd64/jre/lib/ext/icedtea-sound.jar
7f0d71c20000-7f0d71c22000 r--s 00006000 08:02 4558661                    /usr/share/java/java-atk-wrapper.jar
7f0d71c22000-7f0d71c2a000 rw-s 00000000 08:02 1490956                    /tmp/hsperfdata_ankit/5363
7f0d71c2a000-7f0d71c2b000 rw-p 00000000 00:00 0 
7f0d71c2b000-7f0d71c2c000 ---p 00000000 00:00 0 
7f0d71c2c000-7f0d71c2e000 rw-p 00000000 00:00 0 
7f0d71c2e000-7f0d71c2f000 r--p 00022000 08:02 4472934                    /lib/x86_64-linux-gnu/ld-2.19.so
7f0d71c2f000-7f0d71c30000 rw-p 00023000 08:02 4472934                    /lib/x86_64-linux-gnu/ld-2.19.so
7f0d71c30000-7f0d71c31000 rw-p 00000000 00:00 0 
7ffc7037a000-7ffc7039c000 rw-p 00000000 00:00 0                          [stack]
7ffc703d2000-7ffc703d4000 r-xp 00000000 00:00 0                          [vdso]
7ffc703d4000-7ffc703d6000 r--p 00000000 00:00 0                          [vvar]
ffffffffff600000-ffffffffff601000 r-xp 00000000 00:00 0                  [vsyscall]

VM Arguments:
jvm_args: -Xmx1024M -Dfile.encoding=UTF-8 -Duser.country=IN -Duser.language=en -Duser.variant 
java_command: com.android.dx.command.Main --dex --output /media/ankit/6C3E-BE46/travel/gradle/memories/build/intermediates/dex/debug /media/ankit/6C3E-BE46/travel/gradle/memories/build/intermediates/classes/debug /media/ankit/6C3E-BE46/travel/gradle/memories/build/intermediates/pre-dexed/debug/support-annotations-21.0.3-0fd71494ec841deccee6db02988ca229648af07e.jar /media/ankit/6C3E-BE46/travel/gradle/memories/build/intermediates/pre-dexed/debug/classes-33309c8cd5308c12430b68c59203a5d356903675.jar /media/ankit/6C3E-BE46/travel/gradle/memories/build/intermediates/pre-dexed/debug/httpmime-4.3.6-7caeff80b652d06b677e6983edde2f59ac1faad7.jar /media/ankit/6C3E-BE46/travel/gradle/memories/build/intermediates/pre-dexed/debug/classes-fb2c11d812e2c54013b720c7a7dcd30351d6d807.jar /media/ankit/6C3E-BE46/travel/gradle/memories/build/intermediates/pre-dexed/debug/volley-8144a856990146be9f23b8805a9010547ea03721.jar /media/ankit/6C3E-BE46/travel/gradle/memories/build/intermediates/pre-dexed/debug/retrofit-1.9.0-aab0756d29e44f105bebf796dade950cb8e25561.jar /media/ankit/6C3E-BE46/travel/gradle/memories/build/intermediates/pre-dexed/debug/internal_impl-21.0.3-1bb0076d40b6cecfbb5065a095cfc45947fe1755.jar /media/ankit/6C3E-BE46/travel/gradle/memories/build/intermediates/pre-dexed/debug/gson-2.3.1-eba1553d2d2989dda16d555f42c89f9a136772a0.jar /media/ankit/6C3E-BE46/travel/gradle/memories/build/intermediates/pre-dexed/debug/ion-2.1.3-53d2fbb40fac6e5a929e4cdd7b4b9f5b5e7a854d.jar /media/ankit/6C3E-BE46/travel/gradle/memories/build/intermediates/pre-dexed/debug/commons-io-2.4-4b7d0ccb48119b45234db15063f6a7f88d149f94.jar /media/ankit/6C3E-BE46/travel/gradle/memories/build/intermediates/pre-dexed/debug/android-support-v7-recyclerview-f814ef6d24251a1941132e5023aceadbd2bf354e.jar /media/ankit/6C3E-BE46/travel/gradle/memories/build/intermediates/pre-dexed/debug/classes-d393d5caff51c22cc878446a6faab165d09bdafc.jar /media/ankit/6C3E-BE46/travel/gradle/memories/build/intermediates/pre-dexed/debug/an
Launcher Type: SUN_STANDARD

Environment Variables:
JAVA_HOME=/usr/local/javas/jdk1.8.0_40
JRE_HOME=/usr/local/javas/jdk1.8.0_40/jre
PATH=/usr/local/sbin:/usr/local/bin:/usr/sbin:/usr/bin:/sbin:/bin:/usr/games:/usr/local/games:/usr/local/javas/jdk1.8.0_40/bin:/usr/local/javas/jdk1.8.0_40/jre/bin
LD_LIBRARY_PATH=Downloads/android-studio/bin:
SHELL=/bin/bash
DISPLAY=:0

Signal Handlers:
SIGSEGV: [libjvm.so+0x94b9a0], sa_mask[0]=0x7ffbfeff, sa_flags=0x10000004
SIGBUS: [libjvm.so+0x94b9a0], sa_mask[0]=0x7ffbfeff, sa_flags=0x10000004
SIGFPE: [libjvm.so+0x7c3880], sa_mask[0]=0x7ffbfeff, sa_flags=0x10000004
SIGPIPE: [libjvm.so+0x7c3880], sa_mask[0]=0x7ffbfeff, sa_flags=0x10000004
SIGXFSZ: [libjvm.so+0x7c3880], sa_mask[0]=0x7ffbfeff, sa_flags=0x10000004
SIGILL: [libjvm.so+0x7c3880], sa_mask[0]=0x7ffbfeff, sa_flags=0x10000004
SIGUSR1: SIG_DFL, sa_mask[0]=0x00000000, sa_flags=0x00000000
SIGUSR2: [libjvm.so+0x7c3720], sa_mask[0]=0x00000004, sa_flags=0x10000004
SIGHUP: [libjvm.so+0x7c3900], sa_mask[0]=0x7ffbfeff, sa_flags=0x10000004
SIGINT: [libjvm.so+0x7c3900], sa_mask[0]=0x7ffbfeff, sa_flags=0x10000004
SIGTERM: [libjvm.so+0x7c3900], sa_mask[0]=0x7ffbfeff, sa_flags=0x10000004
SIGQUIT: [libjvm.so+0x7c3900], sa_mask[0]=0x7ffbfeff, sa_flags=0x10000004
SIGTRAP: SIG_DFL, sa_mask[0]=0x00000000, sa_flags=0x00000000


---------------  S Y S T E M  ---------------

OS:Ubuntu 14.04 (trusty)
uname:Linux 3.16.0-37-generic #51~14.04.1-Ubuntu SMP Wed May 6 15:23:14 UTC 2015 x86_64
libc:glibc 2.19 NPTL 2.19 
rlimit: STACK 8192k, CORE 0k, NPROC 15473, NOFILE 4096, AS infinity
load average:5.27 1.79 1.04

/proc/meminfo:
MemTotal:        3982552 kB
MemFree:          108068 kB
MemAvailable:      52344 kB
Buffers:             644 kB
Cached:           241104 kB
SwapCached:            0 kB
Active:          3494436 kB
Inactive:         224568 kB
Active(anon):    3491416 kB
Inactive(anon):   203020 kB
Active(file):       3020 kB
Inactive(file):    21548 kB
Unevictable:          32 kB
Mlocked:              32 kB
SwapTotal:             0 kB
SwapFree:              0 kB
Dirty:               156 kB
Writeback:             0 kB
AnonPages:       3477624 kB
Mapped:            62760 kB
Shmem:            216844 kB
Slab:              63960 kB
SReclaimable:      32928 kB
SUnreclaim:        31032 kB
KernelStack:        9184 kB
PageTables:        34892 kB
NFS_Unstable:          0 kB
Bounce:                0 kB
WritebackTmp:          0 kB
CommitLimit:     1991276 kB
Committed_AS:    6948144 kB
VmallocTotal:   34359738367 kB
VmallocUsed:      544328 kB
VmallocChunk:   34359181108 kB
HardwareCorrupted:     0 kB
AnonHugePages:   2146304 kB
HugePages_Total:       0
HugePages_Free:        0
HugePages_Rsvd:        0
HugePages_Surp:        0
Hugepagesize:       2048 kB
DirectMap4k:       60096 kB
DirectMap2M:     1972224 kB
DirectMap1G:     2097152 kB


CPU:total 4 (2 cores per cpu, 2 threads per core) family 6 model 69 stepping 1, cmov, cx8, fxsr, mmx, sse, sse2, sse3, ssse3, sse4.1, sse4.2, popcnt, avx, avx2, aes, erms, ht, tsc, tscinvbit

/proc/cpuinfo:
processor	: 0
vendor_id	: GenuineIntel
cpu family	: 6
model		: 69
model name	: Intel(R) Core(TM) i3-4005U CPU @ 1.70GHz
stepping	: 1
microcode	: 0x17
cpu MHz		: 1303.156
cache size	: 3072 KB
physical id	: 0
siblings	: 4
core id		: 0
cpu cores	: 2
apicid		: 0
initial apicid	: 0
fpu		: yes
fpu_exception	: yes
cpuid level	: 13
wp		: yes
flags		: fpu vme de pse tsc msr pae mce cx8 apic sep mtrr pge mca cmov pat pse36 clflush dts acpi mmx fxsr sse sse2 ss ht tm pbe syscall nx pdpe1gb rdtscp lm constant_tsc arch_perfmon pebs bts rep_good nopl xtopology nonstop_tsc aperfmperf eagerfpu pni pclmulqdq dtes64 monitor ds_cpl vmx est tm2 ssse3 fma cx16 xtpr pdcm pcid sse4_1 sse4_2 movbe popcnt tsc_deadline_timer aes xsave avx f16c rdrand lahf_lm abm ida arat epb xsaveopt pln pts dtherm tpr_shadow vnmi flexpriority ept vpid fsgsbase tsc_adjust bmi1 avx2 smep bmi2 erms invpcid
bogomips	: 3392.06
clflush size	: 64
cache_alignment	: 64
address sizes	: 39 bits physical, 48 bits virtual
power management:

processor	: 1
vendor_id	: GenuineIntel
cpu family	: 6
model		: 69
model name	: Intel(R) Core(TM) i3-4005U CPU @ 1.70GHz
stepping	: 1
microcode	: 0x17
cpu MHz		: 1667.328
cache size	: 3072 KB
physical id	: 0
siblings	: 4
core id		: 0
cpu cores	: 2
apicid		: 1
initial apicid	: 1
fpu		: yes
fpu_exception	: yes
cpuid level	: 13
wp		: yes
flags		: fpu vme de pse tsc msr pae mce cx8 apic sep mtrr pge mca cmov pat pse36 clflush dts acpi mmx fxsr sse sse2 ss ht tm pbe syscall nx pdpe1gb rdtscp lm constant_tsc arch_perfmon pebs bts rep_good nopl xtopology nonstop_tsc aperfmperf eagerfpu pni pclmulqdq dtes64 monitor ds_cpl vmx est tm2 ssse3 fma cx16 xtpr pdcm pcid sse4_1 sse4_2 movbe popcnt tsc_deadline_timer aes xsave avx f16c rdrand lahf_lm abm ida arat epb xsaveopt pln pts dtherm tpr_shadow vnmi flexpriority ept vpid fsgsbase tsc_adjust bmi1 avx2 smep bmi2 erms invpcid
bogomips	: 3392.06
clflush size	: 64
cache_alignment	: 64
address sizes	: 39 bits physical, 48 bits virtual
power management:

processor	: 2
vendor_id	: GenuineIntel
cpu family	: 6
model		: 69
model name	: Intel(R) Core(TM) i3-4005U CPU @ 1.70GHz
stepping	: 1
microcode	: 0x17
cpu MHz		: 802.585
cache size	: 3072 KB
physical id	: 0
siblings	: 4
core id		: 1
cpu cores	: 2
apicid		: 2
initial apicid	: 2
fpu		: yes
fpu_exception	: yes
cpuid level	: 13
wp		: yes
flags		: fpu vme de pse tsc msr pae mce cx8 apic sep mtrr pge mca cmov pat pse36 clflush dts acpi mmx fxsr sse sse2 ss ht tm pbe syscall nx pdpe1gb rdtscp lm constant_tsc arch_perfmon pebs bts rep_good nopl xtopology nonstop_tsc aperfmperf eagerfpu pni pclmulqdq dtes64 monitor ds_cpl vmx est tm2 ssse3 fma cx16 xtpr pdcm pcid sse4_1 sse4_2 movbe popcnt tsc_deadline_timer aes xsave avx f16c rdrand lahf_lm abm ida arat epb xsaveopt pln pts dtherm tpr_shadow vnmi flexpriority ept vpid fsgsbase tsc_adjust bmi1 avx2 smep bmi2 erms invpcid
bogomips	: 3392.06
clflush size	: 64
cache_alignment	: 64
address sizes	: 39 bits physical, 48 bits virtual
power management:

processor	: 3
vendor_id	: GenuineIntel
cpu family	: 6
model		: 69
model name	: Intel(R) Core(TM) i3-4005U CPU @ 1.70GHz
stepping	: 1
microcode	: 0x17
cpu MHz		: 1700.000
cache size	: 3072 KB
physical id	: 0
siblings	: 4
core id		: 1
cpu cores	: 2
apicid		: 3
initial apicid	: 3
fpu		: yes
fpu_exception	: yes
cpuid level	: 13
wp		: yes
flags		: fpu vme de pse tsc msr pae mce cx8 apic sep mtrr pge mca cmov pat pse36 clflush dts acpi mmx fxsr sse sse2 ss ht tm pbe syscall nx pdpe1gb rdtscp lm constant_tsc arch_perfmon pebs bts rep_good nopl xtopology nonstop_tsc aperfmperf eagerfpu pni pclmulqdq dtes64 monitor ds_cpl vmx est tm2 ssse3 fma cx16 xtpr pdcm pcid sse4_1 sse4_2 movbe popcnt tsc_deadline_timer aes xsave avx f16c rdrand lahf_lm abm ida arat epb xsaveopt pln pts dtherm tpr_shadow vnmi flexpriority ept vpid fsgsbase tsc_adjust bmi1 avx2 smep bmi2 erms invpcid
bogomips	: 3392.06
clflush size	: 64
cache_alignment	: 64
address sizes	: 39 bits physical, 48 bits virtual
power management:



Memory: 4k page, physical 3982552k(108068k free), swap 0k(0k free)

vm_info: OpenJDK 64-Bit Server VM (24.79-b02) for linux-amd64 JRE (1.7.0_79-b14), built on Apr 16 2015 08:21:58 by "buildd" with gcc 4.8.2

time: Mon May 18 18:14:10 2015
elapsed time: 28 seconds

